2012-09-17 10:58:49 Error: [MissingControllerException] Controller class GetController could not be found.
#0 /home/nonato/www/clubSorteio/lib/Cake/Core/Object.php(97): Dispatcher->dispatch(Object(CakeRequest), Object(CakeResponse), Array)
#1 /home/nonato/www/clubSorteio/app/Controller/ProdutosController.php(28): Object->requestAction('get')
#2 [internal function]: ProdutosController->edit('1')
#3 /home/nonato/www/clubSorteio/lib/Cake/Controller/Controller.php(485): ReflectionMethod->invokeArgs(Object(ProdutosController), Array)
#4 /home/nonato/www/clubSorteio/lib/Cake/Routing/Dispatcher.php(186): Controller->invokeAction(Object(CakeRequest))
#5 /home/nonato/www/clubSorteio/lib/Cake/Routing/Dispatcher.php(161): Dispatcher->_invoke(Object(ProdutosController), Object(CakeRequest), Object(CakeResponse))
#6 /home/nonato/www/clubSorteio/app/webroot/index.php(92): Dispatcher->dispatch(Object(CakeRequest), Object(CakeResponse))
#7 {main}
2012-09-17 11:00:08 Error: [MissingControllerException] Controller class GetController could not be found.
#0 /home/nonato/www/clubSorteio/lib/Cake/Core/Object.php(97): Dispatcher->dispatch(Object(CakeRequest), Object(CakeResponse), Array)
#1 /home/nonato/www/clubSorteio/app/Controller/ProdutosController.php(28): Object->requestAction('get')
#2 [internal function]: ProdutosController->edit('1')
#3 /home/nonato/www/clubSorteio/lib/Cake/Controller/Controller.php(485): ReflectionMethod->invokeArgs(Object(ProdutosController), Array)
#4 /home/nonato/www/clubSorteio/lib/Cake/Routing/Dispatcher.php(186): Controller->invokeAction(Object(CakeRequest))
#5 /home/nonato/www/clubSorteio/lib/Cake/Routing/Dispatcher.php(161): Dispatcher->_invoke(Object(ProdutosController), Object(CakeRequest), Object(CakeResponse))
#6 /home/nonato/www/clubSorteio/app/webroot/index.php(92): Dispatcher->dispatch(Object(CakeRequest), Object(CakeResponse))
#7 {main}
2012-09-17 11:00:08 Error: [MissingControllerException] Controller class GetController could not be found.
#0 /home/nonato/www/clubSorteio/lib/Cake/Core/Object.php(97): Dispatcher->dispatch(Object(CakeRequest), Object(CakeResponse), Array)
#1 /home/nonato/www/clubSorteio/app/Controller/ProdutosController.php(28): Object->requestAction('get')
#2 [internal function]: ProdutosController->edit('1')
#3 /home/nonato/www/clubSorteio/lib/Cake/Controller/Controller.php(485): ReflectionMethod->invokeArgs(Object(ProdutosController), Array)
#4 /home/nonato/www/clubSorteio/lib/Cake/Routing/Dispatcher.php(186): Controller->invokeAction(Object(CakeRequest))
#5 /home/nonato/www/clubSorteio/lib/Cake/Routing/Dispatcher.php(161): Dispatcher->_invoke(Object(ProdutosController), Object(CakeRequest), Object(CakeResponse))
#6 /home/nonato/www/clubSorteio/app/webroot/index.php(92): Dispatcher->dispatch(Object(CakeRequest), Object(CakeResponse))
#7 {main}
2012-09-17 11:00:08 Error: [MissingControllerException] Controller class GetController could not be found.
#0 /home/nonato/www/clubSorteio/lib/Cake/Core/Object.php(97): Dispatcher->dispatch(Object(CakeRequest), Object(CakeResponse), Array)
#1 /home/nonato/www/clubSorteio/app/Controller/ProdutosController.php(28): Object->requestAction('get')
#2 [internal function]: ProdutosController->edit('1')
#3 /home/nonato/www/clubSorteio/lib/Cake/Controller/Controller.php(485): ReflectionMethod->invokeArgs(Object(ProdutosController), Array)
#4 /home/nonato/www/clubSorteio/lib/Cake/Routing/Dispatcher.php(186): Controller->invokeAction(Object(CakeRequest))
#5 /home/nonato/www/clubSorteio/lib/Cake/Routing/Dispatcher.php(161): Dispatcher->_invoke(Object(ProdutosController), Object(CakeRequest), Object(CakeResponse))
#6 /home/nonato/www/clubSorteio/app/webroot/index.php(92): Dispatcher->dispatch(Object(CakeRequest), Object(CakeResponse))
#7 {main}
2012-09-17 11:01:15 Error: [MissingControllerException] Controller class GetController could not be found.
#0 /home/nonato/www/clubSorteio/lib/Cake/Core/Object.php(97): Dispatcher->dispatch(Object(CakeRequest), Object(CakeResponse), Array)
#1 /home/nonato/www/clubSorteio/app/Controller/ProdutosController.php(28): Object->requestAction('get')
#2 [internal function]: ProdutosController->edit('1')
#3 /home/nonato/www/clubSorteio/lib/Cake/Controller/Controller.php(485): ReflectionMethod->invokeArgs(Object(ProdutosController), Array)
#4 /home/nonato/www/clubSorteio/lib/Cake/Routing/Dispatcher.php(186): Controller->invokeAction(Object(CakeRequest))
#5 /home/nonato/www/clubSorteio/lib/Cake/Routing/Dispatcher.php(161): Dispatcher->_invoke(Object(ProdutosController), Object(CakeRequest), Object(CakeResponse))
#6 /home/nonato/www/clubSorteio/app/webroot/index.php(92): Dispatcher->dispatch(Object(CakeRequest), Object(CakeResponse))
#7 {main}
2012-09-17 11:01:15 Error: [MissingControllerException] Controller class GetController could not be found.
#0 /home/nonato/www/clubSorteio/lib/Cake/Core/Object.php(97): Dispatcher->dispatch(Object(CakeRequest), Object(CakeResponse), Array)
#1 /home/nonato/www/clubSorteio/app/Controller/ProdutosController.php(28): Object->requestAction('get')
#2 [internal function]: ProdutosController->edit('1')
#3 /home/nonato/www/clubSorteio/lib/Cake/Controller/Controller.php(485): ReflectionMethod->invokeArgs(Object(ProdutosController), Array)
#4 /home/nonato/www/clubSorteio/lib/Cake/Routing/Dispatcher.php(186): Controller->invokeAction(Object(CakeRequest))
#5 /home/nonato/www/clubSorteio/lib/Cake/Routing/Dispatcher.php(161): Dispatcher->_invoke(Object(ProdutosController), Object(CakeRequest), Object(CakeResponse))
#6 /home/nonato/www/clubSorteio/app/webroot/index.php(92): Dispatcher->dispatch(Object(CakeRequest), Object(CakeResponse))
#7 {main}
2012-09-17 11:01:15 Error: [MissingControllerException] Controller class GetController could not be found.
#0 /home/nonato/www/clubSorteio/lib/Cake/Core/Object.php(97): Dispatcher->dispatch(Object(CakeRequest), Object(CakeResponse), Array)
#1 /home/nonato/www/clubSorteio/app/Controller/ProdutosController.php(28): Object->requestAction('get')
#2 [internal function]: ProdutosController->edit('1')
#3 /home/nonato/www/clubSorteio/lib/Cake/Controller/Controller.php(485): ReflectionMethod->invokeArgs(Object(ProdutosController), Array)
#4 /home/nonato/www/clubSorteio/lib/Cake/Routing/Dispatcher.php(186): Controller->invokeAction(Object(CakeRequest))
#5 /home/nonato/www/clubSorteio/lib/Cake/Routing/Dispatcher.php(161): Dispatcher->_invoke(Object(ProdutosController), Object(CakeRequest), Object(CakeResponse))
#6 /home/nonato/www/clubSorteio/app/webroot/index.php(92): Dispatcher->dispatch(Object(CakeRequest), Object(CakeResponse))
#7 {main}
2012-09-17 11:01:16 Error: [MissingControllerException] Controller class GetController could not be found.
#0 /home/nonato/www/clubSorteio/lib/Cake/Core/Object.php(97): Dispatcher->dispatch(Object(CakeRequest), Object(CakeResponse), Array)
#1 /home/nonato/www/clubSorteio/app/Controller/ProdutosController.php(28): Object->requestAction('get')
#2 [internal function]: ProdutosController->edit('1')
#3 /home/nonato/www/clubSorteio/lib/Cake/Controller/Controller.php(485): ReflectionMethod->invokeArgs(Object(ProdutosController), Array)
#4 /home/nonato/www/clubSorteio/lib/Cake/Routing/Dispatcher.php(186): Controller->invokeAction(Object(CakeRequest))
#5 /home/nonato/www/clubSorteio/lib/Cake/Routing/Dispatcher.php(161): Dispatcher->_invoke(Object(ProdutosController), Object(CakeRequest), Object(CakeResponse))
#6 /home/nonato/www/clubSorteio/app/webroot/index.php(92): Dispatcher->dispatch(Object(CakeRequest), Object(CakeResponse))
#7 {main}
2012-09-17 11:01:16 Error: [MissingControllerException] Controller class GetController could not be found.
#0 /home/nonato/www/clubSorteio/lib/Cake/Core/Object.php(97): Dispatcher->dispatch(Object(CakeRequest), Object(CakeResponse), Array)
#1 /home/nonato/www/clubSorteio/app/Controller/ProdutosController.php(28): Object->requestAction('get')
#2 [internal function]: ProdutosController->edit('1')
#3 /home/nonato/www/clubSorteio/lib/Cake/Controller/Controller.php(485): ReflectionMethod->invokeArgs(Object(ProdutosController), Array)
#4 /home/nonato/www/clubSorteio/lib/Cake/Routing/Dispatcher.php(186): Controller->invokeAction(Object(CakeRequest))
#5 /home/nonato/www/clubSorteio/lib/Cake/Routing/Dispatcher.php(161): Dispatcher->_invoke(Object(ProdutosController), Object(CakeRequest), Object(CakeResponse))
#6 /home/nonato/www/clubSorteio/app/webroot/index.php(92): Dispatcher->dispatch(Object(CakeRequest), Object(CakeResponse))
#7 {main}
2012-09-17 11:01:23 Error: [MissingControllerException] Controller class GetController could not be found.
#0 /home/nonato/www/clubSorteio/lib/Cake/Core/Object.php(97): Dispatcher->dispatch(Object(CakeRequest), Object(CakeResponse), Array)
#1 /home/nonato/www/clubSorteio/app/Controller/ProdutosController.php(28): Object->requestAction('get')
#2 [internal function]: ProdutosController->edit('1')
#3 /home/nonato/www/clubSorteio/lib/Cake/Controller/Controller.php(485): ReflectionMethod->invokeArgs(Object(ProdutosController), Array)
#4 /home/nonato/www/clubSorteio/lib/Cake/Routing/Dispatcher.php(186): Controller->invokeAction(Object(CakeRequest))
#5 /home/nonato/www/clubSorteio/lib/Cake/Routing/Dispatcher.php(161): Dispatcher->_invoke(Object(ProdutosController), Object(CakeRequest), Object(CakeResponse))
#6 /home/nonato/www/clubSorteio/app/webroot/index.php(92): Dispatcher->dispatch(Object(CakeRequest), Object(CakeResponse))
#7 {main}
2012-09-17 11:03:52 Error: Fatal Error (1): Call to undefined method ProdutosController::request() in [/home/nonato/www/clubSorteio/app/Controller/ProdutosController.php, line 28]
2012-09-17 11:03:52 Error: [FatalErrorException] Call to undefined method ProdutosController::request()
#0 /home/nonato/www/clubSorteio/lib/Cake/Error/ErrorHandler.php(162): ErrorHandler::handleFatalError(1, 'Call to undefin...', '/home/nonato/ww...', 28)
#1 [internal function]: ErrorHandler::handleError(1, 'Call to undefin...', '/home/nonato/ww...', 28, Array)
#2 /home/nonato/www/clubSorteio/lib/Cake/Core/App.php(926): call_user_func('ErrorHandler::h...', 1, 'Call to undefin...', '/home/nonato/ww...', 28, Array)
#3 /home/nonato/www/clubSorteio/lib/Cake/Core/App.php(899): App::_checkFatalError()
#4 [internal function]: App::shutdown()
#5 {main}
2012-09-17 15:44:27 Error: Fatal Error (4): syntax error, unexpected T_VARIABLE, expecting ',' or ';' in [/home/nonato/www/clubSorteio/app/View/Produtos/view.ctp, line 21]
2012-09-17 15:44:27 Error: [FatalErrorException] syntax error, unexpected T_VARIABLE, expecting ',' or ';'
#0 /home/nonato/www/clubSorteio/lib/Cake/Error/ErrorHandler.php(162): ErrorHandler::handleFatalError(4, 'syntax error, u...', '/home/nonato/ww...', 21)
#1 [internal function]: ErrorHandler::handleError(4, 'syntax error, u...', '/home/nonato/ww...', 21, Array)
#2 /home/nonato/www/clubSorteio/lib/Cake/Core/App.php(926): call_user_func('ErrorHandler::h...', 4, 'syntax error, u...', '/home/nonato/ww...', 21, Array)
#3 /home/nonato/www/clubSorteio/lib/Cake/Core/App.php(899): App::_checkFatalError()
#4 [internal function]: App::shutdown()
#5 {main}
2012-09-17 15:46:03 Error: Fatal Error (4): syntax error, unexpected T_VARIABLE, expecting ',' or ';' in [/home/nonato/www/clubSorteio/app/View/Produtos/view.ctp, line 21]
2012-09-17 15:46:03 Error: [FatalErrorException] syntax error, unexpected T_VARIABLE, expecting ',' or ';'
#0 /home/nonato/www/clubSorteio/lib/Cake/Error/ErrorHandler.php(162): ErrorHandler::handleFatalError(4, 'syntax error, u...', '/home/nonato/ww...', 21)
#1 [internal function]: ErrorHandler::handleError(4, 'syntax error, u...', '/home/nonato/ww...', 21, Array)
#2 /home/nonato/www/clubSorteio/lib/Cake/Core/App.php(926): call_user_func('ErrorHandler::h...', 4, 'syntax error, u...', '/home/nonato/ww...', 21, Array)
#3 /home/nonato/www/clubSorteio/lib/Cake/Core/App.php(899): App::_checkFatalError()
#4 [internal function]: App::shutdown()
#5 {main}
2012-09-17 15:46:03 Error: Fatal Error (4): syntax error, unexpected T_VARIABLE, expecting ',' or ';' in [/home/nonato/www/clubSorteio/app/View/Produtos/view.ctp, line 21]
2012-09-17 15:46:03 Error: [FatalErrorException] syntax error, unexpected T_VARIABLE, expecting ',' or ';'
#0 /home/nonato/www/clubSorteio/lib/Cake/Error/ErrorHandler.php(162): ErrorHandler::handleFatalError(4, 'syntax error, u...', '/home/nonato/ww...', 21)
#1 [internal function]: ErrorHandler::handleError(4, 'syntax error, u...', '/home/nonato/ww...', 21, Array)
#2 /home/nonato/www/clubSorteio/lib/Cake/Core/App.php(926): call_user_func('ErrorHandler::h...', 4, 'syntax error, u...', '/home/nonato/ww...', 21, Array)
#3 /home/nonato/www/clubSorteio/lib/Cake/Core/App.php(899): App::_checkFatalError()
#4 [internal function]: App::shutdown()
#5 {main}
2012-09-17 15:46:04 Error: Fatal Error (4): syntax error, unexpected T_VARIABLE, expecting ',' or ';' in [/home/nonato/www/clubSorteio/app/View/Produtos/view.ctp, line 21]
2012-09-17 15:46:04 Error: [FatalErrorException] syntax error, unexpected T_VARIABLE, expecting ',' or ';'
#0 /home/nonato/www/clubSorteio/lib/Cake/Error/ErrorHandler.php(162): ErrorHandler::handleFatalError(4, 'syntax error, u...', '/home/nonato/ww...', 21)
#1 [internal function]: ErrorHandler::handleError(4, 'syntax error, u...', '/home/nonato/ww...', 21, Array)
#2 /home/nonato/www/clubSorteio/lib/Cake/Core/App.php(926): call_user_func('ErrorHandler::h...', 4, 'syntax error, u...', '/home/nonato/ww...', 21, Array)
#3 /home/nonato/www/clubSorteio/lib/Cake/Core/App.php(899): App::_checkFatalError()
#4 [internal function]: App::shutdown()
#5 {main}
2012-09-17 15:46:04 Error: Fatal Error (4): syntax error, unexpected T_VARIABLE, expecting ',' or ';' in [/home/nonato/www/clubSorteio/app/View/Produtos/view.ctp, line 21]
2012-09-17 15:46:04 Error: [FatalErrorException] syntax error, unexpected T_VARIABLE, expecting ',' or ';'
#0 /home/nonato/www/clubSorteio/lib/Cake/Error/ErrorHandler.php(162): ErrorHandler::handleFatalError(4, 'syntax error, u...', '/home/nonato/ww...', 21)
#1 [internal function]: ErrorHandler::handleError(4, 'syntax error, u...', '/home/nonato/ww...', 21, Array)
#2 /home/nonato/www/clubSorteio/lib/Cake/Core/App.php(926): call_user_func('ErrorHandler::h...', 4, 'syntax error, u...', '/home/nonato/ww...', 21, Array)
#3 /home/nonato/www/clubSorteio/lib/Cake/Core/App.php(899): App::_checkFatalError()
#4 [internal function]: App::shutdown()
#5 {main}
2012-09-17 15:46:40 Error: Fatal Error (4): syntax error, unexpected T_VARIABLE, expecting ',' or ';' in [/home/nonato/www/clubSorteio/app/View/Produtos/view.ctp, line 21]
2012-09-17 15:46:40 Error: [FatalErrorException] syntax error, unexpected T_VARIABLE, expecting ',' or ';'
#0 /home/nonato/www/clubSorteio/lib/Cake/Error/ErrorHandler.php(162): ErrorHandler::handleFatalError(4, 'syntax error, u...', '/home/nonato/ww...', 21)
#1 [internal function]: ErrorHandler::handleError(4, 'syntax error, u...', '/home/nonato/ww...', 21, Array)
#2 /home/nonato/www/clubSorteio/lib/Cake/Core/App.php(926): call_user_func('ErrorHandler::h...', 4, 'syntax error, u...', '/home/nonato/ww...', 21, Array)
#3 /home/nonato/www/clubSorteio/lib/Cake/Core/App.php(899): App::_checkFatalError()
#4 [internal function]: App::shutdown()
#5 {main}
2012-09-17 15:46:40 Error: Fatal Error (4): syntax error, unexpected T_VARIABLE, expecting ',' or ';' in [/home/nonato/www/clubSorteio/app/View/Produtos/view.ctp, line 21]
2012-09-17 15:46:40 Error: [FatalErrorException] syntax error, unexpected T_VARIABLE, expecting ',' or ';'
#0 /home/nonato/www/clubSorteio/lib/Cake/Error/ErrorHandler.php(162): ErrorHandler::handleFatalError(4, 'syntax error, u...', '/home/nonato/ww...', 21)
#1 [internal function]: ErrorHandler::handleError(4, 'syntax error, u...', '/home/nonato/ww...', 21, Array)
#2 /home/nonato/www/clubSorteio/lib/Cake/Core/App.php(926): call_user_func('ErrorHandler::h...', 4, 'syntax error, u...', '/home/nonato/ww...', 21, Array)
#3 /home/nonato/www/clubSorteio/lib/Cake/Core/App.php(899): App::_checkFatalError()
#4 [internal function]: App::shutdown()
#5 {main}
2012-09-17 15:46:41 Error: Fatal Error (4): syntax error, unexpected T_VARIABLE, expecting ',' or ';' in [/home/nonato/www/clubSorteio/app/View/Produtos/view.ctp, line 21]
2012-09-17 15:46:41 Error: [FatalErrorException] syntax error, unexpected T_VARIABLE, expecting ',' or ';'
#0 /home/nonato/www/clubSorteio/lib/Cake/Error/ErrorHandler.php(162): ErrorHandler::handleFatalError(4, 'syntax error, u...', '/home/nonato/ww...', 21)
#1 [internal function]: ErrorHandler::handleError(4, 'syntax error, u...', '/home/nonato/ww...', 21, Array)
#2 /home/nonato/www/clubSorteio/lib/Cake/Core/App.php(926): call_user_func('ErrorHandler::h...', 4, 'syntax error, u...', '/home/nonato/ww...', 21, Array)
#3 /home/nonato/www/clubSorteio/lib/Cake/Core/App.php(899): App::_checkFatalError()
#4 [internal function]: App::shutdown()
#5 {main}
2012-09-17 15:46:41 Error: Fatal Error (4): syntax error, unexpected T_VARIABLE, expecting ',' or ';' in [/home/nonato/www/clubSorteio/app/View/Produtos/view.ctp, line 21]
2012-09-17 15:46:41 Error: [FatalErrorException] syntax error, unexpected T_VARIABLE, expecting ',' or ';'
#0 /home/nonato/www/clubSorteio/lib/Cake/Error/ErrorHandler.php(162): ErrorHandler::handleFatalError(4, 'syntax error, u...', '/home/nonato/ww...', 21)
#1 [internal function]: ErrorHandler::handleError(4, 'syntax error, u...', '/home/nonato/ww...', 21, Array)
#2 /home/nonato/www/clubSorteio/lib/Cake/Core/App.php(926): call_user_func('ErrorHandler::h...', 4, 'syntax error, u...', '/home/nonato/ww...', 21, Array)
#3 /home/nonato/www/clubSorteio/lib/Cake/Core/App.php(899): App::_checkFatalError()
#4 [internal function]: App::shutdown()
#5 {main}
2012-09-17 15:46:41 Error: Fatal Error (4): syntax error, unexpected T_VARIABLE, expecting ',' or ';' in [/home/nonato/www/clubSorteio/app/View/Produtos/view.ctp, line 21]
2012-09-17 15:46:41 Error: [FatalErrorException] syntax error, unexpected T_VARIABLE, expecting ',' or ';'
#0 /home/nonato/www/clubSorteio/lib/Cake/Error/ErrorHandler.php(162): ErrorHandler::handleFatalError(4, 'syntax error, u...', '/home/nonato/ww...', 21)
#1 [internal function]: ErrorHandler::handleError(4, 'syntax error, u...', '/home/nonato/ww...', 21, Array)
#2 /home/nonato/www/clubSorteio/lib/Cake/Core/App.php(926): call_user_func('ErrorHandler::h...', 4, 'syntax error, u...', '/home/nonato/ww...', 21, Array)
#3 /home/nonato/www/clubSorteio/lib/Cake/Core/App.php(899): App::_checkFatalError()
#4 [internal function]: App::shutdown()
#5 {main}
2012-09-17 15:46:42 Error: Fatal Error (4): syntax error, unexpected T_VARIABLE, expecting ',' or ';' in [/home/nonato/www/clubSorteio/app/View/Produtos/view.ctp, line 21]
2012-09-17 15:46:42 Error: [FatalErrorException] syntax error, unexpected T_VARIABLE, expecting ',' or ';'
#0 /home/nonato/www/clubSorteio/lib/Cake/Error/ErrorHandler.php(162): ErrorHandler::handleFatalError(4, 'syntax error, u...', '/home/nonato/ww...', 21)
#1 [internal function]: ErrorHandler::handleError(4, 'syntax error, u...', '/home/nonato/ww...', 21, Array)
#2 /home/nonato/www/clubSorteio/lib/Cake/Core/App.php(926): call_user_func('ErrorHandler::h...', 4, 'syntax error, u...', '/home/nonato/ww...', 21, Array)
#3 /home/nonato/www/clubSorteio/lib/Cake/Core/App.php(899): App::_checkFatalError()
#4 [internal function]: App::shutdown()
#5 {main}
2012-09-17 15:46:42 Error: Fatal Error (4): syntax error, unexpected T_VARIABLE, expecting ',' or ';' in [/home/nonato/www/clubSorteio/app/View/Produtos/view.ctp, line 21]
2012-09-17 15:46:42 Error: [FatalErrorException] syntax error, unexpected T_VARIABLE, expecting ',' or ';'
#0 /home/nonato/www/clubSorteio/lib/Cake/Error/ErrorHandler.php(162): ErrorHandler::handleFatalError(4, 'syntax error, u...', '/home/nonato/ww...', 21)
#1 [internal function]: ErrorHandler::handleError(4, 'syntax error, u...', '/home/nonato/ww...', 21, Array)
#2 /home/nonato/www/clubSorteio/lib/Cake/Core/App.php(926): call_user_func('ErrorHandler::h...', 4, 'syntax error, u...', '/home/nonato/ww...', 21, Array)
#3 /home/nonato/www/clubSorteio/lib/Cake/Core/App.php(899): App::_checkFatalError()
#4 [internal function]: App::shutdown()
#5 {main}
2012-09-17 15:46:42 Error: Fatal Error (4): syntax error, unexpected T_VARIABLE, expecting ',' or ';' in [/home/nonato/www/clubSorteio/app/View/Produtos/view.ctp, line 21]
2012-09-17 15:46:42 Error: [FatalErrorException] syntax error, unexpected T_VARIABLE, expecting ',' or ';'
#0 /home/nonato/www/clubSorteio/lib/Cake/Error/ErrorHandler.php(162): ErrorHandler::handleFatalError(4, 'syntax error, u...', '/home/nonato/ww...', 21)
#1 [internal function]: ErrorHandler::handleError(4, 'syntax error, u...', '/home/nonato/ww...', 21, Array)
#2 /home/nonato/www/clubSorteio/lib/Cake/Core/App.php(926): call_user_func('ErrorHandler::h...', 4, 'syntax error, u...', '/home/nonato/ww...', 21, Array)
#3 /home/nonato/www/clubSorteio/lib/Cake/Core/App.php(899): App::_checkFatalError()
#4 [internal function]: App::shutdown()
#5 {main}
